2026-06-22 04:26:34 [INFO] NIDS Logger initialized successfully
2026-06-22 04:26:34 [WARNING] This is a WARNING message
2026-06-22 04:26:34 [ERROR] This is an ERROR message
2026-06-22 04:26:34 [CRITICAL] This is a CRITICAL alert
2026-06-22 04:42:08 [WARNING] [ALERT #1] PORT_SCAN detected | Source: 192.168.1.100 | Time: 2026-06-22 04:42:08 | Details: Scanned 25 ports in 8 seconds
2026-06-22 04:42:08 [CRITICAL] [ALERT #2] SYN_FLOOD detected | Source: 10.0.0.5 | Time: 2026-06-22 04:42:08 | Details: 500 SYN packets in 1 second
2026-06-22 04:42:08 [CRITICAL] [ALERT #3] ICMP_FLOOD detected | Source: 172.16.0.1 | Time: 2026-06-22 04:42:08 | Details: 200 pings in 1 second
2026-06-22 04:49:11 [INFO] Starting packet capture on interface: eth0
2026-06-22 04:49:11 [INFO] Promiscuous mode: True
2026-06-22 04:49:11 [INFO] Packet capture started successfully
2026-06-22 04:49:16 [INFO] Capture stopped. Total packets captured: 0
2026-06-22 04:50:18 [INFO] Starting packet capture on interface: eth0
2026-06-22 04:50:18 [INFO] Promiscuous mode: True
2026-06-22 04:50:18 [INFO] Packet capture started successfully
2026-06-22 04:50:23 [INFO] Capture stopped. Total packets captured: 10
2026-06-22 04:54:18 [INFO] Analyzer initialized with 3 detectors
2026-06-22 04:54:18 [WARNING] [ALERT #1] PORT_SCAN detected | Source: 192.168.1.100 | Time: 2026-06-22 04:54:18 | Details: Probed 15 unique ports in 10s window. Ports: [1, 2, 3, 4, 5, 6, 7, 8, 9, 10, 11, 12, 13, 14, 15]
2026-06-22 04:54:18 [CRITICAL] [ALERT #2] ICMP_FLOOD detected | Source: 10.0.0.50 | Time: 2026-06-22 04:54:18 | Details: 50 ICMP echo-requests in 1s (threshold: 50)
2026-06-22 04:55:48 [INFO] NIDS starting up...
2026-06-22 04:55:48 [INFO] Initializing analyzer...
2026-06-22 04:55:48 [INFO] Analyzer initialized with 3 detectors
2026-06-22 04:55:48 [INFO] Initializing packet capture...
2026-06-22 04:55:48 [INFO] Starting NIDS on interface: eth0
2026-06-22 04:55:48 [INFO] Press Ctrl+C to stop
2026-06-22 04:55:48 [INFO] Starting packet capture on interface: eth0
2026-06-22 04:55:48 [INFO] Promiscuous mode: True
2026-06-22 04:55:48 [INFO] Packet capture started successfully
2026-06-22 04:55:48 [INFO] NIDS is running. Monitoring network traffic...
2026-06-22 04:55:58 [INFO] Status: 20 packets analyzed, 0 alerts generated
2026-06-22 04:56:08 [INFO] Status: 42 packets analyzed, 0 alerts generated
2026-06-22 04:56:18 [INFO] Status: 44 packets analyzed, 0 alerts generated
2026-06-22 04:56:28 [INFO] Status: 56 packets analyzed, 0 alerts generated
2026-06-22 04:56:38 [INFO] Status: 56 packets analyzed, 0 alerts generated
2026-06-22 04:56:48 [INFO] Status: 56 packets analyzed, 0 alerts generated
2026-06-22 04:56:58 [INFO] Status: 56 packets analyzed, 0 alerts generated
2026-06-22 04:57:05 [INFO] Shutdown signal received. Stopping NIDS...
2026-06-22 04:57:05 [INFO] Capture stopped. Total packets captured: 56
2026-06-22 04:57:05 [INFO] NIDS stopped cleanly. Goodbye.
2026-06-22 05:18:33 [INFO] NIDS starting up...
2026-06-22 05:18:33 [INFO] Initializing analyzer...
2026-06-22 05:18:33 [INFO] Analyzer initialized with 3 detectors
2026-06-22 05:18:33 [INFO] Initializing packet capture...
2026-06-22 05:18:33 [INFO] Starting NIDS on interface: eth0
2026-06-22 05:18:33 [INFO] Press Ctrl+C to stop
2026-06-22 05:18:33 [INFO] Starting packet capture on interface: eth0
2026-06-22 05:18:33 [INFO] Promiscuous mode: True
2026-06-22 05:18:33 [INFO] Packet capture started successfully
2026-06-22 05:18:33 [INFO] NIDS is running. Monitoring network traffic...
2026-06-22 05:18:43 [INFO] Status: 0 packets analyzed, 0 alerts generated
2026-06-22 05:18:53 [INFO] Status: 2 packets analyzed, 0 alerts generated
2026-06-22 05:18:58 [INFO] Shutdown signal received. Stopping NIDS...
2026-06-22 05:18:58 [INFO] Capture stopped. Total packets captured: 2
2026-06-22 05:18:58 [INFO] NIDS stopped cleanly. Goodbye.
2026-06-22 05:19:15 [INFO] NIDS starting up...
2026-06-22 05:19:15 [INFO] Initializing analyzer...
2026-06-22 05:19:15 [INFO] Analyzer initialized with 3 detectors
2026-06-22 05:19:15 [INFO] Initializing packet capture...
2026-06-22 05:19:15 [INFO] Starting NIDS on interface: eth0
2026-06-22 05:19:15 [INFO] Press Ctrl+C to stop
2026-06-22 05:19:15 [INFO] Starting packet capture on interface: eth0
2026-06-22 05:19:15 [INFO] Promiscuous mode: True
2026-06-22 05:19:15 [INFO] Packet capture started successfully
2026-06-22 05:19:15 [INFO] NIDS is running. Monitoring network traffic...
2026-06-22 05:19:25 [INFO] Status: 0 packets analyzed, 0 alerts generated
2026-06-22 05:19:35 [INFO] Status: 2 packets analyzed, 0 alerts generated
2026-06-22 05:19:41 [INFO] Shutdown signal received. Stopping NIDS...
2026-06-22 05:19:41 [INFO] Capture stopped. Total packets captured: 4
2026-06-22 05:19:41 [INFO] NIDS stopped cleanly. Goodbye.
2026-06-22 05:47:12 [INFO] NIDS starting up...
2026-06-22 05:47:12 [INFO] Initializing analyzer...
2026-06-22 05:47:12 [INFO] Analyzer initialized with 3 detectors
2026-06-22 05:47:12 [INFO] Initializing packet capture...
2026-06-22 05:47:12 [INFO] Starting NIDS on interface: eth0
2026-06-22 05:47:12 [INFO] Press Ctrl+C to stop
2026-06-22 05:47:12 [INFO] Starting packet capture on interface: eth0
2026-06-22 05:47:12 [INFO] Promiscuous mode: True
2026-06-22 05:47:12 [INFO] Packet capture started successfully
2026-06-22 05:47:12 [INFO] NIDS is running. Monitoring network traffic...
2026-06-22 05:47:22 [INFO] Status: 0 packets analyzed, 0 alerts generated
2026-06-22 05:47:32 [INFO] Status: 0 packets analyzed, 0 alerts generated
2026-06-22 05:47:42 [INFO] Status: 0 packets analyzed, 0 alerts generated
2026-06-22 05:47:52 [INFO] Status: 0 packets analyzed, 0 alerts generated
2026-06-22 05:48:02 [INFO] Status: 0 packets analyzed, 0 alerts generated
2026-06-22 05:48:12 [INFO] Status: 0 packets analyzed, 0 alerts generated
2026-06-22 05:48:22 [INFO] Status: 0 packets analyzed, 0 alerts generated
2026-06-22 05:48:24 [INFO] Shutdown signal received. Stopping NIDS...
2026-06-22 05:48:24 [INFO] Capture stopped. Total packets captured: 0
2026-06-22 05:48:24 [INFO] NIDS stopped cleanly. Goodbye.
2026-06-22 05:57:29 [INFO] NIDS starting up...
2026-06-22 05:57:29 [INFO] Initializing analyzer...
2026-06-22 05:57:29 [INFO] Analyzer initialized with 3 detectors
2026-06-22 05:57:29 [INFO] Initializing packet capture...
2026-06-22 05:57:29 [INFO] Starting NIDS on interface: lo
2026-06-22 05:57:29 [INFO] Press Ctrl+C to stop
2026-06-22 05:57:29 [INFO] Starting packet capture on interface: lo
2026-06-22 05:57:29 [INFO] Promiscuous mode: True
2026-06-22 05:57:29 [INFO] Packet capture started successfully
2026-06-22 05:57:29 [INFO] NIDS is running. Monitoring network traffic...
2026-06-22 05:57:39 [INFO] Status: 0 packets analyzed, 0 alerts generated
2026-06-22 05:57:42 [WARNING] [ALERT #1] PORT_SCAN detected | Source: 127.0.0.1 | Time: 2026-06-22 05:57:42 | Details: Probed 15 unique ports in 10s window. Ports: [21, 80, 110, 111, 113, 135, 143, 256, 445, 554, 995, 1720, 5900, 8080, 34714]
2026-06-22 05:57:42 [CRITICAL] [ALERT #2] SYN_FLOOD detected | Source: 127.0.0.1 | Time: 2026-06-22 05:57:42 | Details: 100 SYN packets in 1s (threshold: 100)
2026-06-22 05:57:49 [INFO] Status: 230 packets analyzed, 2 alerts generated
2026-06-22 05:57:59 [INFO] Status: 230 packets analyzed, 2 alerts generated
2026-06-22 05:58:09 [INFO] Status: 230 packets analyzed, 2 alerts generated
2026-06-22 05:58:19 [INFO] Status: 230 packets analyzed, 2 alerts generated
2026-06-22 05:58:29 [INFO] Status: 230 packets analyzed, 2 alerts generated
2026-06-22 05:58:35 [CRITICAL] [ALERT #3] ICMP_FLOOD detected | Source: 127.0.0.1 | Time: 2026-06-22 05:58:35 | Details: 50 ICMP echo-requests in 1s (threshold: 50)
2026-06-22 05:58:39 [INFO] Status: 25247 packets analyzed, 3 alerts generated
2026-06-22 05:58:49 [INFO] Status: 29937 packets analyzed, 3 alerts generated
2026-06-22 05:58:59 [INFO] Status: 29937 packets analyzed, 3 alerts generated
2026-06-22 05:59:09 [INFO] Status: 29937 packets analyzed, 3 alerts generated
2026-06-22 05:59:12 [INFO] Shutdown signal received. Stopping NIDS...
2026-06-22 05:59:12 [INFO] Capture stopped. Total packets captured: 29937
2026-06-22 05:59:12 [INFO] NIDS stopped cleanly. Goodbye.
2026-06-26 13:24:50 [INFO] NIDS starting up...
2026-06-26 13:24:50 [INFO] Initializing analyzer...
2026-06-26 13:24:50 [INFO] Analyzer initialized with 3 detectors
2026-06-26 13:24:50 [INFO] Initializing packet capture...
2026-06-26 13:24:50 [INFO] Starting NIDS on interface: lo
2026-06-26 13:24:50 [INFO] Press Ctrl+C to stop
2026-06-26 13:24:50 [INFO] Starting packet capture on interface: lo
2026-06-26 13:24:50 [INFO] Promiscuous mode: True
2026-06-26 13:24:50 [INFO] Packet capture started successfully
2026-06-26 13:24:50 [INFO] NIDS is running. Monitoring network traffic...
2026-06-26 13:25:00 [INFO] Status: 0 packets analyzed, 0 alerts generated
2026-06-26 13:25:10 [INFO] Status: 0 packets analyzed, 0 alerts generated
2026-06-26 13:25:20 [INFO] Status: 0 packets analyzed, 0 alerts generated
2026-06-26 13:25:30 [INFO] Status: 0 packets analyzed, 0 alerts generated
2026-06-26 13:25:40 [INFO] Status: 0 packets analyzed, 0 alerts generated
2026-06-26 13:25:50 [INFO] Status: 0 packets analyzed, 0 alerts generated
2026-06-26 13:26:00 [INFO] Status: 0 packets analyzed, 0 alerts generated
2026-06-26 13:26:10 [INFO] Status: 0 packets analyzed, 0 alerts generated
2026-06-26 13:26:20 [INFO] Status: 0 packets analyzed, 0 alerts generated
2026-06-26 13:26:30 [INFO] Status: 0 packets analyzed, 0 alerts generated
2026-06-26 13:26:40 [INFO] Status: 0 packets analyzed, 0 alerts generated
2026-06-26 13:26:50 [INFO] Status: 0 packets analyzed, 0 alerts generated
2026-06-26 13:27:00 [INFO] Status: 0 packets analyzed, 0 alerts generated
2026-06-26 13:27:10 [INFO] Status: 0 packets analyzed, 0 alerts generated
2026-06-26 13:27:20 [INFO] Status: 0 packets analyzed, 0 alerts generated
2026-06-26 13:27:30 [INFO] Status: 0 packets analyzed, 0 alerts generated
2026-06-26 13:27:40 [INFO] Status: 0 packets analyzed, 0 alerts generated
2026-06-26 13:27:50 [INFO] Status: 0 packets analyzed, 0 alerts generated
2026-06-26 13:28:00 [INFO] Status: 0 packets analyzed, 0 alerts generated
2026-06-26 13:28:10 [INFO] Status: 0 packets analyzed, 0 alerts generated
2026-06-26 13:28:20 [INFO] Status: 0 packets analyzed, 0 alerts generated
2026-06-26 13:28:30 [INFO] Status: 0 packets analyzed, 0 alerts generated
2026-06-26 13:28:40 [INFO] Status: 0 packets analyzed, 0 alerts generated
2026-06-26 13:28:42 [INFO] Shutdown signal received. Stopping NIDS...
2026-06-26 13:28:42 [INFO] Capture stopped. Total packets captured: 0
2026-06-26 13:28:42 [INFO] NIDS stopped cleanly. Goodbye.
2026-06-26 16:56:27 [INFO] NIDS starting up...
2026-06-26 16:56:27 [INFO] Initializing analyzer...
2026-06-26 16:56:27 [INFO] Analyzer initialized with 3 detectors
2026-06-26 16:56:27 [INFO] Initializing packet capture...
2026-06-26 16:56:27 [INFO] Starting NIDS on interface: eth0
2026-06-26 16:56:27 [INFO] Press Ctrl+C to stop
2026-06-26 16:56:27 [INFO] Starting packet capture on interface: eth0
2026-06-26 16:56:27 [INFO] Promiscuous mode: True
2026-06-26 16:56:27 [INFO] Packet capture started successfully
2026-06-26 16:56:27 [INFO] NIDS is running. Monitoring network traffic...
2026-06-26 16:56:37 [INFO] Status: 0 packets analyzed, 0 alerts generated
2026-06-26 16:56:47 [INFO] Status: 0 packets analyzed, 0 alerts generated
2026-06-26 16:56:57 [INFO] Status: 0 packets analyzed, 0 alerts generated
2026-06-26 16:57:07 [INFO] Status: 16 packets analyzed, 0 alerts generated
2026-06-26 16:57:17 [INFO] Status: 17 packets analyzed, 0 alerts generated
2026-06-26 16:57:27 [INFO] Status: 17 packets analyzed, 0 alerts generated
2026-06-26 16:57:37 [INFO] Status: 374 packets analyzed, 0 alerts generated
2026-06-26 16:57:47 [INFO] Status: 1136 packets analyzed, 0 alerts generated
2026-06-26 16:57:49 [INFO] Shutdown signal received. Stopping NIDS...
2026-06-26 16:57:49 [INFO] Capture stopped. Total packets captured: 1287
2026-06-26 16:57:49 [INFO] NIDS stopped cleanly. Goodbye.
2026-06-26 16:59:43 [INFO] NIDS starting up...
2026-06-26 16:59:43 [INFO] Initializing analyzer...
2026-06-26 16:59:43 [INFO] Analyzer initialized with 3 detectors
2026-06-26 16:59:43 [INFO] Initializing packet capture...
2026-06-26 16:59:43 [INFO] Starting NIDS on interface: eth0
2026-06-26 16:59:43 [INFO] Press Ctrl+C to stop
2026-06-26 16:59:43 [INFO] Starting packet capture on interface: eth0
2026-06-26 16:59:43 [INFO] Promiscuous mode: True
2026-06-26 16:59:43 [INFO] Packet capture started successfully
2026-06-26 16:59:43 [INFO] NIDS is running. Monitoring network traffic...
2026-06-26 16:59:53 [INFO] Status: 233 packets analyzed, 0 alerts generated
2026-06-26 17:00:03 [INFO] Status: 984 packets analyzed, 0 alerts generated
2026-06-26 17:00:13 [INFO] Status: 1738 packets analyzed, 0 alerts generated
2026-06-26 17:00:22 [INFO] Shutdown signal received. Stopping NIDS...
2026-06-26 17:00:22 [INFO] Capture stopped. Total packets captured: 2417
2026-06-26 17:00:22 [INFO] NIDS stopped cleanly. Goodbye.
2026-06-26 17:06:19 [INFO] NIDS starting up...
2026-06-26 17:06:19 [INFO] Initializing analyzer...
2026-06-26 17:06:19 [INFO] Analyzer initialized with 3 detectors
2026-06-26 17:06:19 [INFO] Initializing packet capture...
2026-06-26 17:06:19 [INFO] Starting NIDS on interface: eth0
2026-06-26 17:06:19 [INFO] Press Ctrl+C to stop
2026-06-26 17:06:19 [INFO] Starting packet capture on interface: eth0
2026-06-26 17:06:19 [INFO] Promiscuous mode: True
2026-06-26 17:06:19 [INFO] Packet capture started successfully
2026-06-26 17:06:19 [INFO] NIDS is running. Monitoring network traffic...
2026-06-26 17:06:28 [CRITICAL] [ALERT #1] ICMP_FLOOD detected | Source: 192.168.56.1 | Time: 2026-06-26 17:06:28 | Details: 3 ICMP echo-requests in 5s (threshold: 3)
2026-06-26 17:06:29 [INFO] Status: 22 packets analyzed, 1 alerts generated
2026-06-26 17:06:39 [INFO] Status: 46 packets analyzed, 1 alerts generated
2026-06-26 17:06:44 [INFO] Shutdown signal received. Stopping NIDS...
2026-06-26 17:06:44 [INFO] Capture stopped. Total packets captured: 56
2026-06-26 17:06:44 [INFO] NIDS stopped cleanly. Goodbye.
2026-06-26 17:08:36 [INFO] NIDS starting up...
2026-06-26 17:08:36 [INFO] Initializing analyzer...
2026-06-26 17:08:36 [INFO] Analyzer initialized with 3 detectors
2026-06-26 17:08:36 [INFO] Initializing packet capture...
2026-06-26 17:08:36 [INFO] Starting NIDS on interface: eth0
2026-06-26 17:08:36 [INFO] Press Ctrl+C to stop
2026-06-26 17:08:36 [INFO] Starting packet capture on interface: eth0
2026-06-26 17:08:36 [INFO] Promiscuous mode: True
2026-06-26 17:08:36 [INFO] Packet capture started successfully
2026-06-26 17:08:36 [INFO] NIDS is running. Monitoring network traffic...
2026-06-26 17:08:46 [INFO] Status: 2 packets analyzed, 0 alerts generated
2026-06-26 17:08:56 [INFO] Status: 26 packets analyzed, 0 alerts generated
2026-06-26 17:09:06 [INFO] Status: 48 packets analyzed, 0 alerts generated
2026-06-26 17:09:16 [INFO] Status: 48 packets analyzed, 0 alerts generated
2026-06-26 17:09:26 [INFO] Status: 418 packets analyzed, 0 alerts generated
2026-06-26 17:09:36 [INFO] Status: 1100 packets analyzed, 0 alerts generated
2026-06-26 17:09:41 [INFO] Shutdown signal received. Stopping NIDS...
2026-06-26 17:09:41 [INFO] Capture stopped. Total packets captured: 1442
2026-06-26 17:09:41 [INFO] NIDS stopped cleanly. Goodbye.
2026-06-26 17:12:43 [INFO] NIDS starting up...
2026-06-26 17:12:43 [INFO] Initializing analyzer...
2026-06-26 17:12:43 [INFO] Analyzer initialized with 3 detectors
2026-06-26 17:12:43 [INFO] Initializing packet capture...
2026-06-26 17:12:43 [INFO] Starting NIDS on interface: eth0
2026-06-26 17:12:43 [INFO] Press Ctrl+C to stop
2026-06-26 17:12:43 [INFO] Starting packet capture on interface: eth0
2026-06-26 17:12:43 [INFO] Promiscuous mode: True
2026-06-26 17:12:43 [INFO] Packet capture started successfully
2026-06-26 17:12:43 [INFO] NIDS is running. Monitoring network traffic...
2026-06-26 17:12:53 [INFO] Status: 602 packets analyzed, 0 alerts generated
2026-06-26 17:13:03 [INFO] Status: 1254 packets analyzed, 0 alerts generated
2026-06-26 17:13:13 [INFO] Status: 1878 packets analyzed, 0 alerts generated
2026-06-26 17:13:23 [INFO] Status: 2601 packets analyzed, 0 alerts generated
2026-06-26 17:13:33 [INFO] Status: 3294 packets analyzed, 0 alerts generated
2026-06-26 17:13:34 [INFO] Shutdown signal received. Stopping NIDS...
2026-06-26 17:13:34 [INFO] Capture stopped. Total packets captured: 3368
2026-06-26 17:13:34 [INFO] NIDS stopped cleanly. Goodbye.
2026-06-26 17:18:07 [INFO] NIDS starting up...
2026-06-26 17:18:07 [INFO] Initializing analyzer...
2026-06-26 17:18:07 [INFO] Analyzer initialized with 3 detectors
2026-06-26 17:18:07 [INFO] Initializing packet capture...
2026-06-26 17:18:07 [INFO] Starting NIDS on interface: eth0
2026-06-26 17:18:07 [INFO] Press Ctrl+C to stop
2026-06-26 17:18:07 [INFO] Starting packet capture on interface: eth0
2026-06-26 17:18:07 [INFO] Promiscuous mode: True
2026-06-26 17:18:07 [INFO] Packet capture started successfully
2026-06-26 17:18:07 [INFO] NIDS is running. Monitoring network traffic...
2026-06-26 17:18:17 [INFO] Status: 24786 packets analyzed, 0 alerts generated
2026-06-26 17:18:27 [INFO] Status: 81908 packets analyzed, 0 alerts generated
2026-06-26 17:18:37 [INFO] Status: 134076 packets analyzed, 0 alerts generated
2026-06-26 17:18:46 [INFO] Shutdown signal received. Stopping NIDS...
2026-06-26 17:18:46 [INFO] Capture stopped. Total packets captured: 169733
2026-06-26 17:18:46 [INFO] NIDS stopped cleanly. Goodbye.
2026-06-28 10:17:29 [INFO] NIDS starting up...
2026-06-28 10:17:29 [INFO] Initializing analyzer...
2026-06-28 10:17:29 [INFO] Analyzer initialized with 3 detectors
2026-06-28 10:17:29 [INFO] Initializing packet capture...
2026-06-28 10:17:29 [INFO] Starting NIDS on interface: eth0
2026-06-28 10:17:29 [INFO] Press Ctrl+C to stop
2026-06-28 10:17:29 [INFO] Starting packet capture on interface: eth0
2026-06-28 10:17:29 [INFO] Promiscuous mode: True
2026-06-28 10:17:29 [INFO] Packet capture started successfully
2026-06-28 10:17:29 [INFO] NIDS is running. Monitoring network traffic...
2026-06-28 10:17:39 [INFO] Status: 6 packets analyzed, 0 alerts generated
2026-06-28 10:17:49 [INFO] Status: 6 packets analyzed, 0 alerts generated
2026-06-28 10:17:59 [INFO] Status: 6 packets analyzed, 0 alerts generated
2026-06-28 10:18:09 [INFO] Status: 17 packets analyzed, 0 alerts generated
2026-06-28 10:18:16 [INFO] Shutdown signal received. Stopping NIDS...
2026-06-28 10:18:16 [INFO] Capture stopped. Total packets captured: 51
2026-06-28 10:18:16 [INFO] NIDS stopped cleanly. Goodbye.
2026-06-28 10:25:27 [INFO] NIDS starting up...
2026-06-28 10:25:27 [INFO] Initializing analyzer...
2026-06-28 10:25:27 [INFO] Analyzer initialized with 3 detectors
2026-06-28 10:25:27 [INFO] Initializing packet capture...
2026-06-28 10:25:27 [INFO] Starting NIDS on interface: eth0
2026-06-28 10:25:27 [INFO] Press Ctrl+C to stop
2026-06-28 10:25:27 [INFO] Starting packet capture on interface: eth0
2026-06-28 10:25:27 [INFO] Promiscuous mode: True
2026-06-28 10:25:27 [INFO] Packet capture started successfully
2026-06-28 10:25:27 [INFO] NIDS is running. Monitoring network traffic...
2026-06-28 10:25:37 [INFO] Status: 245 packets analyzed, 0 alerts generated
2026-06-28 10:25:47 [INFO] Status: 978 packets analyzed, 0 alerts generated
2026-06-28 10:25:57 [INFO] Status: 1727 packets analyzed, 0 alerts generated
2026-06-28 10:25:59 [INFO] Shutdown signal received. Stopping NIDS...
2026-06-28 10:25:59 [INFO] Capture stopped. Total packets captured: 1791
2026-06-28 10:25:59 [INFO] NIDS stopped cleanly. Goodbye.
2026-06-28 10:27:58 [INFO] NIDS starting up...
2026-06-28 10:27:58 [INFO] Initializing analyzer...
2026-06-28 10:27:58 [INFO] Analyzer initialized with 3 detectors
2026-06-28 10:27:58 [INFO] Initializing packet capture...
2026-06-28 10:27:58 [INFO] Starting NIDS on interface: eth0
2026-06-28 10:27:58 [INFO] Press Ctrl+C to stop
2026-06-28 10:27:58 [INFO] Starting packet capture on interface: eth0
2026-06-28 10:27:58 [INFO] Promiscuous mode: True
2026-06-28 10:27:58 [INFO] Packet capture started successfully
2026-06-28 10:27:58 [INFO] NIDS is running. Monitoring network traffic...
2026-06-28 10:28:08 [INFO] Status: 637 packets analyzed, 0 alerts generated
2026-06-28 10:28:18 [INFO] Status: 858 packets analyzed, 0 alerts generated
2026-06-28 10:28:28 [INFO] Status: 1559 packets analyzed, 0 alerts generated
2026-06-28 10:28:38 [INFO] Status: 2709 packets analyzed, 0 alerts generated
2026-06-28 10:28:49 [INFO] Status: 4154 packets analyzed, 0 alerts generated
2026-06-28 10:28:59 [INFO] Status: 5448 packets analyzed, 0 alerts generated
2026-06-28 10:29:09 [INFO] Status: 6878 packets analyzed, 0 alerts generated
2026-06-28 10:29:19 [INFO] Status: 8337 packets analyzed, 0 alerts generated
2026-06-28 10:29:29 [INFO] Status: 9771 packets analyzed, 0 alerts generated
2026-06-28 10:29:38 [CRITICAL] [ALERT #1] ICMP_FLOOD detected | Source: 192.168.56.1 | Time: 2026-06-28 10:29:38 | Details: 5 ICMP echo-requests in 1s (threshold: 5)
2026-06-28 10:29:39 [INFO] Status: 11906 packets analyzed, 1 alerts generated
2026-06-28 10:29:49 [INFO] Status: 15476 packets analyzed, 1 alerts generated
2026-06-28 10:29:59 [INFO] Status: 18723 packets analyzed, 1 alerts generated
2026-06-28 10:30:06 [INFO] Shutdown signal received. Stopping NIDS...
2026-06-28 10:30:06 [INFO] Capture stopped. Total packets captured: 18877
2026-06-28 10:30:06 [INFO] NIDS stopped cleanly. Goodbye.
